<?xml version="1.0" encoding="UTF-8"?>
<!-- Generated by org.testng.reporters.JUnitXMLReporter -->
<testsuite ignored="0" hostname="C02DCP4XML7H" failures="1" tests="5" name="Test" time="13.936" errors="0" timestamp="2022-11-20T21:17:20 IST">
  <testcase classname="com.alpha.qa.test.BookFlightTest" name="registrationPageTest" time="7.916"/>
  <testcase classname="com.alpha.qa.test.BookFlightTest" name="registrationConfirmationPageTest" time="0.09"/>
  <testcase classname="com.alpha.qa.test.BookFlightTest" name="FlightPageTest" time="1.206"/>
  <testcase classname="com.alpha.qa.test.BookFlightTest" name="FindFlightPageTest" time="0.167"/>
  <testcase classname="com.alpha.qa.test.BookFlightTest" name="FlightConfirmationPageTest" time="0.124">
    <failure type="java.lang.AssertionError" message="expected [$1169 USD] but found [$584 USD]">
      <![CDATA[java.lang.AssertionError: expected [$1169 USD] but found [$584 USD]
at com.alpha.qa.test.BookFlightTest.FlightConfirmationPageTest(BookFlightTest.java:77)
at java.base/java.util.ArrayList.forEach(ArrayList.java:1541)
... Removed 33 stack frames]]>
    </failure>
  </testcase> <!-- FlightConfirmationPageTest -->
</testsuite> <!-- Test -->
