<?xml version="1.0" encoding="UTF-8"?>
<!-- Generated by org.testng.reporters.JUnitReportReporter -->
<testsuite hostname="C02DCP4XML7H" failures="1" tests="15" name="com.alpha.qa.test.BookFlightTest" time="26.926" errors="0" timestamp="2022-11-20T21:17:43 IST" skipped="0">
  <testcase classname="com.alpha.qa.test.BookFlightTest" name="registrationPageTest" time="7.916"/>
  <system-out/>
  <testcase classname="com.alpha.qa.test.BookFlightTest" name="registrationPageTest" time="7.386"/>
  <system-out/>
  <testcase classname="com.alpha.qa.test.BookFlightTest" name="registrationPageTest" time="5.702"/>
  <system-out/>
  <testcase classname="com.alpha.qa.test.BookFlightTest" name="registrationConfirmationPageTest" time="0.090"/>
  <system-out/>
  <testcase classname="com.alpha.qa.test.BookFlightTest" name="registrationConfirmationPageTest" time="0.092"/>
  <system-out/>
  <testcase classname="com.alpha.qa.test.BookFlightTest" name="registrationConfirmationPageTest" time="0.106"/>
  <system-out/>
  <testcase classname="com.alpha.qa.test.BookFlightTest" name="FlightPageTest" time="1.771"/>
  <system-out/>
  <testcase classname="com.alpha.qa.test.BookFlightTest" name="FlightPageTest" time="1.206"/>
  <system-out/>
  <testcase classname="com.alpha.qa.test.BookFlightTest" name="FlightPageTest" time="1.776"/>
  <system-out/>
  <testcase classname="com.alpha.qa.test.BookFlightTest" name="FindFlightPageTest" time="0.165"/>
  <system-out/>
  <testcase classname="com.alpha.qa.test.BookFlightTest" name="FindFlightPageTest" time="0.165"/>
  <system-out/>
  <testcase classname="com.alpha.qa.test.BookFlightTest" name="FindFlightPageTest" time="0.167"/>
  <system-out/>
  <testcase classname="com.alpha.qa.test.BookFlightTest" name="FlightConfirmationPageTest" time="0.124">
    <failure message="expected [$1169 USD] but found [$584 USD]" type="java.lang.AssertionError">
      <![CDATA[java.lang.AssertionError: expected [$1169 USD] but found [$584 USD]
at org.testng.Assert.fail(Assert.java:110)
at org.testng.Assert.failNotEquals(Assert.java:1413)
at org.testng.Assert.assertEqualsImpl(Assert.java:149)
at org.testng.Assert.assertEquals(Assert.java:131)
at org.testng.Assert.assertEquals(Assert.java:655)
at org.testng.Assert.assertEquals(Assert.java:665)
at com.alpha.qa.test.BookFlightTest.FlightConfirmationPageTest(BookFlightTest.java:77)
at java.base/jdk.internal.reflect.NativeMethodAccessorImpl.invoke0(Native Method)
at java.base/jdk.internal.reflect.NativeMethodAccessorImpl.invoke(NativeMethodAccessorImpl.java:62)
at java.base/jdk.internal.reflect.DelegatingMethodAccessorImpl.invoke(DelegatingMethodAccessorImpl.java:43)
at java.base/java.lang.reflect.Method.invoke(Method.java:566)
at org.testng.internal.invokers.MethodInvocationHelper.invokeMethod(MethodInvocationHelper.java:135)
at org.testng.internal.invokers.TestInvoker.invokeMethod(TestInvoker.java:673)
at org.testng.internal.invokers.TestInvoker.invokeTestMethod(TestInvoker.java:220)
at org.testng.internal.invokers.MethodRunner.runInSequence(MethodRunner.java:50)
at org.testng.internal.invokers.TestInvoker$MethodInvocationAgent.invoke(TestInvoker.java:945)
at org.testng.internal.invokers.TestInvoker.invokeTestMethods(TestInvoker.java:193)
at org.testng.internal.invokers.TestMethodWorker.invokeTestMethods(TestMethodWorker.java:146)
at org.testng.internal.invokers.TestMethodWorker.run(TestMethodWorker.java:128)
at java.base/java.util.ArrayList.forEach(ArrayList.java:1541)
at org.testng.TestRunner.privateRun(TestRunner.java:808)
at org.testng.TestRunner.run(TestRunner.java:603)
at org.testng.SuiteRunner.runTest(SuiteRunner.java:429)
at org.testng.SuiteRunner.runSequentially(SuiteRunner.java:423)
at org.testng.SuiteRunner.privateRun(SuiteRunner.java:383)
at org.testng.SuiteRunner.run(SuiteRunner.java:326)
at org.testng.SuiteRunnerWorker.runSuite(SuiteRunnerWorker.java:52)
at org.testng.SuiteRunnerWorker.run(SuiteRunnerWorker.java:95)
at org.testng.TestNG.runSuitesSequentially(TestNG.java:1249)
at org.testng.TestNG.runSuitesLocally(TestNG.java:1169)
at org.testng.TestNG.runSuites(TestNG.java:1092)
at org.testng.TestNG.run(TestNG.java:1060)
at org.testng.remote.AbstractRemoteTestNG.run(AbstractRemoteTestNG.java:115)
at org.testng.remote.RemoteTestNG.initAndRun(RemoteTestNG.java:251)
at org.testng.remote.RemoteTestNG.main(RemoteTestNG.java:77)
]]>
    </failure>
  </testcase> <!-- FlightConfirmationPageTest -->
  <system-out/>
  <testcase classname="com.alpha.qa.test.BookFlightTest" name="FlightConfirmationPageTest" time="0.130"/>
  <system-out/>
  <testcase classname="com.alpha.qa.test.BookFlightTest" name="FlightConfirmationPageTest" time="0.130"/>
  <system-out/>
</testsuite> <!-- com.alpha.qa.test.BookFlightTest -->
